<?xml version="1.0" encoding="UTF-8"?>
<testng-results ignored="0" total="1" passed="1" failed="0" skipped="0">
  <reporter-output>
    <line>
      <![CDATA[testing maven]]>
    </line>
  </reporter-output>
  <suite started-at="2018-11-15T01:09:32Z" name="Suite" finished-at="2018-11-15T01:09:32Z" duration-ms="16">
    <groups>
    </groups>
    <test started-at="2018-11-15T01:09:32Z" name="Test" finished-at="2018-11-15T01:09:32Z" duration-ms="16">
      <class name="pack.MavenTestNG">
        <test-method signature="test()[pri:0, instance:pack.MavenTestNG@2a54a73f]" started-at="2018-11-15T06:39:32Z" name="test" finished-at="2018-11-15T06:39:32Z" duration-ms="0" status="PASS">
          <reporter-output>
            <line>
              <![CDATA[testing maven]]>
            </line>
          </reporter-output>
        </test-method> <!-- test -->
      </class> <!-- pack.MavenTestNG -->
    </test> <!-- Test -->
  </suite> <!-- Suite -->
</testng-results>
